<?xml version="1.0" encoding="UTF-8"?>
<testsuite xmlns:xsi="http://www.w3.org/2001/XMLSchema-instance" xsi:noNamespaceSchemaLocation="https://maven.apache.org/surefire/maven-surefire-plugin/xsd/surefire-test-report.xsd" name="za.ac.nwu.ac.web.sb.controller.AccountTypeControllerTest" time="3.405" tests="6" errors="0" skipped="0" failures="3">
  <properties>
    <property name="sun.desktop" value="windows"/>
    <property name="awt.toolkit" value="sun.awt.windows.WToolkit"/>
    <property name="file.encoding.pkg" value="sun.io"/>
    <property name="java.specification.version" value="1.8"/>
    <property name="sun.cpu.isalist" value="amd64"/>
    <property name="sun.jnu.encoding" value="Cp1252"/>
    <property name="java.class.path" value="C:\Users\justi\IdeaProjects\AccountSystem\AccountSystemWebSpringBoot\target\test-classes;C:\Users\justi\IdeaProjects\AccountSystem\AccountSystemWebSpringBoot\target\classes;C:\Users\justi\IdeaProjects\AccountSystem\AccountSystemDomain\target\AccountSystemDomain-1.0-SNAPSHOT.jar;C:\Users\justi\IdeaProjects\repo\com\fasterxml\jackson\core\jackson-annotations\2.9.0\jackson-annotations-2.9.0.jar;C:\Users\justi\IdeaProjects\AccountSystem\AccountSystemLogic\target\AccountSystemLogic-1.0-SNAPSHOT.jar;C:\Users\justi\IdeaProjects\AccountSystem\AccountSystemTranslator\target\AccountSystemTranslator-1.0-SNAPSHOT.jar;C:\Users\justi\IdeaProjects\AccountSystem\AccountSystemRepository\target\AccountSystemRepository-1.0-SNAPSHOT.jar;C:\Users\justi\IdeaProjects\repo\org\springframework\boot\spring-boot-starter-data-jpa\2.5.4\spring-boot-starter-data-jpa-2.5.4.jar;C:\Users\justi\IdeaProjects\repo\org\springframework\boot\spring-boot-starter-aop\2.1.6.RELEASE\spring-boot-starter-aop-2.1.6.RELEASE.jar;C:\Users\justi\IdeaProjects\repo\org\aspectj\aspectjweaver\1.9.4\aspectjweaver-1.9.4.jar;C:\Users\justi\IdeaProjects\repo\org\springframework\boot\spring-boot-starter-jdbc\2.1.6.RELEASE\spring-boot-starter-jdbc-2.1.6.RELEASE.jar;C:\Users\justi\IdeaProjects\repo\com\zaxxer\HikariCP\3.2.0\HikariCP-3.2.0.jar;C:\Users\justi\IdeaProjects\repo\org\springframework\spring-jdbc\5.1.8.RELEASE\spring-jdbc-5.1.8.RELEASE.jar;C:\Users\justi\IdeaProjects\repo\jakarta\transaction\jakarta.transaction-api\1.3.3\jakarta.transaction-api-1.3.3.jar;C:\Users\justi\IdeaProjects\repo\jakarta\persistence\jakarta.persistence-api\2.2.3\jakarta.persistence-api-2.2.3.jar;C:\Users\justi\IdeaProjects\repo\org\hibernate\hibernate-core\5.3.10.Final\hibernate-core-5.3.10.Final.jar;C:\Users\justi\IdeaProjects\repo\org\javassist\javassist\3.23.2-GA\javassist-3.23.2-GA.jar;C:\Users\justi\IdeaProjects\repo\antlr\antlr\2.7.7\antlr-2.7.7.jar;C:\Users\justi\IdeaProjects\repo\org\jboss\jandex\2.0.5.Final\jandex-2.0.5.Final.jar;C:\Users\justi\IdeaProjects\repo\org\dom4j\dom4j\2.1.1\dom4j-2.1.1.jar;C:\Users\justi\IdeaProjects\repo\org\hibernate\common\hibernate-commons-annotations\5.0.4.Final\hibernate-commons-annotations-5.0.4.Final.jar;C:\Users\justi\IdeaProjects\repo\org\springframework\data\spring-data-jpa\2.1.9.RELEASE\spring-data-jpa-2.1.9.RELEASE.jar;C:\Users\justi\IdeaProjects\repo\org\springframework\data\spring-data-commons\2.1.9.RELEASE\spring-data-commons-2.1.9.RELEASE.jar;C:\Users\justi\IdeaProjects\repo\org\springframework\spring-orm\5.1.8.RELEASE\spring-orm-5.1.8.RELEASE.jar;C:\Users\justi\IdeaProjects\repo\org\springframework\spring-tx\5.1.8.RELEASE\spring-tx-5.1.8.RELEASE.jar;C:\Users\justi\IdeaProjects\repo\org\springframework\spring-aspects\5.1.8.RELEASE\spring-aspects-5.1.8.RELEASE.jar;C:\Users\justi\IdeaProjects\repo\com\oracle\ojdbc\ojdbc8\19.3.0.0\ojdbc8-19.3.0.0.jar;C:\Users\justi\IdeaProjects\repo\com\oracle\ojdbc\ucp\19.3.0.0\ucp-19.3.0.0.jar;C:\Users\justi\IdeaProjects\repo\com\oracle\ojdbc\oraclepki\19.3.0.0\oraclepki-19.3.0.0.jar;C:\Users\justi\IdeaProjects\repo\com\oracle\ojdbc\osdt_cert\19.3.0.0\osdt_cert-19.3.0.0.jar;C:\Users\justi\IdeaProjects\repo\com\oracle\ojdbc\osdt_core\19.3.0.0\osdt_core-19.3.0.0.jar;C:\Users\justi\IdeaProjects\repo\com\oracle\ojdbc\simplefan\19.3.0.0\simplefan-19.3.0.0.jar;C:\Users\justi\IdeaProjects\repo\com\oracle\ojdbc\ons\19.3.0.0\ons-19.3.0.0.jar;C:\Users\justi\IdeaProjects\repo\org\testng\testng\7.4.0\testng-7.4.0.jar;C:\Users\justi\IdeaProjects\repo\com\beust\jcommander\1.78\jcommander-1.78.jar;C:\Users\justi\IdeaProjects\repo\org\webjars\jquery\3.5.1\jquery-3.5.1.jar;C:\Users\justi\IdeaProjects\repo\org\junit\jupiter\junit-jupiter-api\5.8.1\junit-jupiter-api-5.8.1.jar;C:\Users\justi\IdeaProjects\repo\org\opentest4j\opentest4j\1.2.0\opentest4j-1.2.0.jar;C:\Users\justi\IdeaProjects\repo\org\junit\platform\junit-platform-commons\1.3.2\junit-platform-commons-1.3.2.jar;C:\Users\justi\IdeaProjects\repo\org\apiguardian\apiguardian-api\1.1.2\apiguardian-api-1.1.2.jar;C:\Users\justi\IdeaProjects\repo\org\springframework\boot\spring-boot-starter-web\2.3.3.RELEASE\spring-boot-starter-web-2.3.3.RELEASE.jar;C:\Users\justi\IdeaProjects\repo\org\springframework\boot\spring-boot-starter\2.1.6.RELEASE\spring-boot-starter-2.1.6.RELEASE.jar;C:\Users\justi\IdeaProjects\repo\org\springframework\boot\spring-boot\2.1.6.RELEASE\spring-boot-2.1.6.RELEASE.jar;C:\Users\justi\IdeaProjects\repo\org\springframework\boot\spring-boot-autoconfigure\2.1.6.RELEASE\spring-boot-autoconfigure-2.1.6.RELEASE.jar;C:\Users\justi\IdeaProjects\repo\org\springframework\boot\spring-boot-starter-logging\2.1.6.RELEASE\spring-boot-starter-logging-2.1.6.RELEASE.jar;C:\Users\justi\IdeaProjects\repo\ch\qos\logback\logback-classic\1.2.3\logback-classic-1.2.3.jar;C:\Users\justi\IdeaProjects\repo\ch\qos\logback\logback-core\1.2.3\logback-core-1.2.3.jar;C:\Users\justi\IdeaProjects\repo\org\apache\logging\log4j\log4j-to-slf4j\2.11.2\log4j-to-slf4j-2.11.2.jar;C:\Users\justi\IdeaProjects\repo\org\apache\logging\log4j\log4j-api\2.11.2\log4j-api-2.11.2.jar;C:\Users\justi\IdeaProjects\repo\org\slf4j\jul-to-slf4j\1.7.26\jul-to-slf4j-1.7.26.jar;C:\Users\justi\IdeaProjects\repo\javax\annotation\javax.annotation-api\1.3.2\javax.annotation-api-1.3.2.jar;C:\Users\justi\IdeaProjects\repo\org\yaml\snakeyaml\1.23\snakeyaml-1.23.jar;C:\Users\justi\IdeaProjects\repo\org\springframework\boot\spring-boot-starter-json\2.1.6.RELEASE\spring-boot-starter-json-2.1.6.RELEASE.jar;C:\Users\justi\IdeaProjects\repo\com\fasterxml\jackson\core\jackson-databind\2.9.9\jackson-databind-2.9.9.jar;C:\Users\justi\IdeaProjects\repo\com\fasterxml\jackson\core\jackson-core\2.9.9\jackson-core-2.9.9.jar;C:\Users\justi\IdeaProjects\repo\com\fasterxml\jackson\datatype\jackson-datatype-jdk8\2.9.9\jackson-datatype-jdk8-2.9.9.jar;C:\Users\justi\IdeaProjects\repo\com\fasterxml\jackson\datatype\jackson-datatype-jsr310\2.9.9\jackson-datatype-jsr310-2.9.9.jar;C:\Users\justi\IdeaProjects\repo\com\fasterxml\jackson\module\jackson-module-parameter-names\2.9.9\jackson-module-parameter-names-2.9.9.jar;C:\Users\justi\IdeaProjects\repo\org\springframework\boot\spring-boot-starter-tomcat\2.1.6.RELEASE\spring-boot-starter-tomcat-2.1.6.RELEASE.jar;C:\Users\justi\IdeaProjects\repo\org\apache\tomcat\embed\tomcat-embed-core\9.0.21\tomcat-embed-core-9.0.21.jar;C:\Users\justi\IdeaProjects\repo\org\apache\tomcat\embed\tomcat-embed-el\9.0.21\tomcat-embed-el-9.0.21.jar;C:\Users\justi\IdeaProjects\repo\org\apache\tomcat\embed\tomcat-embed-websocket\9.0.21\tomcat-embed-websocket-9.0.21.jar;C:\Users\justi\IdeaProjects\repo\org\springframework\spring-web\5.1.8.RELEASE\spring-web-5.1.8.RELEASE.jar;C:\Users\justi\IdeaProjects\repo\org\springframework\spring-beans\5.1.8.RELEASE\spring-beans-5.1.8.RELEASE.jar;C:\Users\justi\IdeaProjects\repo\org\springframework\spring-webmvc\5.1.8.RELEASE\spring-webmvc-5.1.8.RELEASE.jar;C:\Users\justi\IdeaProjects\repo\org\springframework\spring-aop\5.1.8.RELEASE\spring-aop-5.1.8.RELEASE.jar;C:\Users\justi\IdeaProjects\repo\org\springframework\spring-context\5.1.8.RELEASE\spring-context-5.1.8.RELEASE.jar;C:\Users\justi\IdeaProjects\repo\org\springframework\spring-expression\5.1.8.RELEASE\spring-expression-5.1.8.RELEASE.jar;C:\Users\justi\IdeaProjects\repo\io\springfox\springfox-swagger2\2.9.2\springfox-swagger2-2.9.2.jar;C:\Users\justi\IdeaProjects\repo\io\swagger\swagger-models\1.5.20\swagger-models-1.5.20.jar;C:\Users\justi\IdeaProjects\repo\io\springfox\springfox-spi\2.9.2\springfox-spi-2.9.2.jar;C:\Users\justi\IdeaProjects\repo\io\springfox\springfox-core\2.9.2\springfox-core-2.9.2.jar;C:\Users\justi\IdeaProjects\repo\io\springfox\springfox-schema\2.9.2\springfox-schema-2.9.2.jar;C:\Users\justi\IdeaProjects\repo\io\springfox\springfox-swagger-common\2.9.2\springfox-swagger-common-2.9.2.jar;C:\Users\justi\IdeaProjects\repo\io\springfox\springfox-spring-web\2.9.2\springfox-spring-web-2.9.2.jar;C:\Users\justi\IdeaProjects\repo\com\google\guava\guava\20.0\guava-20.0.jar;C:\Users\justi\IdeaProjects\repo\com\fasterxml\classmate\1.4.0\classmate-1.4.0.jar;C:\Users\justi\IdeaProjects\repo\org\springframework\plugin\spring-plugin-core\1.2.0.RELEASE\spring-plugin-core-1.2.0.RELEASE.jar;C:\Users\justi\IdeaProjects\repo\org\springframework\plugin\spring-plugin-metadata\1.2.0.RELEASE\spring-plugin-metadata-1.2.0.RELEASE.jar;C:\Users\justi\IdeaProjects\repo\org\mapstruct\mapstruct\1.2.0.Final\mapstruct-1.2.0.Final.jar;C:\Users\justi\IdeaProjects\repo\io\swagger\swagger-annotations\1.5.20\swagger-annotations-1.5.20.jar;C:\Users\justi\IdeaProjects\repo\io\springfox\springfox-swagger-ui\2.9.2\springfox-swagger-ui-2.9.2.jar;C:\Users\justi\IdeaProjects\repo\io\springfox\springfox-bean-validators\2.9.2\springfox-bean-validators-2.9.2.jar;C:\Users\justi\IdeaProjects\repo\org\mockito\mockito-core\2.23.4\mockito-core-2.23.4.jar;C:\Users\justi\IdeaProjects\repo\net\bytebuddy\byte-buddy\1.9.13\byte-buddy-1.9.13.jar;C:\Users\justi\IdeaProjects\repo\net\bytebuddy\byte-buddy-agent\1.9.13\byte-buddy-agent-1.9.13.jar;C:\Users\justi\IdeaProjects\repo\org\objenesis\objenesis\2.6\objenesis-2.6.jar;C:\Users\justi\IdeaProjects\repo\junit\junit\4.12\junit-4.12.jar;C:\Users\justi\IdeaProjects\repo\org\hamcrest\hamcrest-core\1.3\hamcrest-core-1.3.jar;C:\Users\justi\IdeaProjects\repo\org\springframework\spring-test\5.1.8.RELEASE\spring-test-5.1.8.RELEASE.jar;C:\Users\justi\IdeaProjects\repo\org\springframework\spring-core\5.1.8.RELEASE\spring-core-5.1.8.RELEASE.jar;C:\Users\justi\IdeaProjects\repo\org\springframework\spring-jcl\5.1.8.RELEASE\spring-jcl-5.1.8.RELEASE.jar;C:\Users\justi\IdeaProjects\repo\org\junit\jupiter\junit-jupiter\5.8.1\junit-jupiter-5.8.1.jar;C:\Users\justi\IdeaProjects\repo\org\junit\jupiter\junit-jupiter-params\5.3.2\junit-jupiter-params-5.3.2.jar;C:\Users\justi\IdeaProjects\repo\org\junit\jupiter\junit-jupiter-engine\5.3.2\junit-jupiter-engine-5.3.2.jar;C:\Users\justi\IdeaProjects\repo\org\junit\platform\junit-platform-engine\1.3.2\junit-platform-engine-1.3.2.jar;C:\Users\justi\IdeaProjects\repo\org\mockito\mockito-inline\2.23.4\mockito-inline-2.23.4.jar;C:\Users\justi\IdeaProjects\repo\org\mockito\mockito-junit-jupiter\2.23.4\mockito-junit-jupiter-2.23.4.jar;C:\Users\justi\IdeaProjects\repo\org\hibernate\validator\hibernate-validator\6.0.17.Final\hibernate-validator-6.0.17.Final.jar;C:\Users\justi\IdeaProjects\repo\javax\validation\validation-api\2.0.1.Final\validation-api-2.0.1.Final.jar;C:\Users\justi\IdeaProjects\repo\org\jboss\logging\jboss-logging\3.3.2.Final\jboss-logging-3.3.2.Final.jar;C:\Users\justi\IdeaProjects\repo\org\springframework\boot\spring-boot-starter-test\2.1.6.RELEASE\spring-boot-starter-test-2.1.6.RELEASE.jar;C:\Users\justi\IdeaProjects\repo\org\springframework\boot\spring-boot-test\2.1.6.RELEASE\spring-boot-test-2.1.6.RELEASE.jar;C:\Users\justi\IdeaProjects\repo\org\springframework\boot\spring-boot-test-autoconfigure\2.1.6.RELEASE\spring-boot-test-autoconfigure-2.1.6.RELEASE.jar;C:\Users\justi\IdeaProjects\repo\com\jayway\jsonpath\json-path\2.4.0\json-path-2.4.0.jar;C:\Users\justi\IdeaProjects\repo\net\minidev\json-smart\2.3\json-smart-2.3.jar;C:\Users\justi\IdeaProjects\repo\net\minidev\accessors-smart\1.2\accessors-smart-1.2.jar;C:\Users\justi\IdeaProjects\repo\org\ow2\asm\asm\5.0.4\asm-5.0.4.jar;C:\Users\justi\IdeaProjects\repo\org\slf4j\slf4j-api\1.7.26\slf4j-api-1.7.26.jar;C:\Users\justi\IdeaProjects\repo\org\assertj\assertj-core\3.11.1\assertj-core-3.11.1.jar;C:\Users\justi\IdeaProjects\repo\org\hamcrest\hamcrest-library\1.3\hamcrest-library-1.3.jar;C:\Users\justi\IdeaProjects\repo\org\skyscreamer\jsonassert\1.5.0\jsonassert-1.5.0.jar;C:\Users\justi\IdeaProjects\repo\com\vaadin\external\google\android-json\0.0.20131108.vaadin1\android-json-0.0.20131108.vaadin1.jar;C:\Users\justi\IdeaProjects\repo\org\xmlunit\xmlunit-core\2.6.2\xmlunit-core-2.6.2.jar;"/>
    <property name="java.vm.vendor" value="Oracle Corporation"/>
    <property name="sun.arch.data.model" value="64"/>
    <property name="user.variant" value=""/>
    <property name="java.vendor.url" value="http://java.oracle.com/"/>
    <property name="user.timezone" value="Africa/Harare"/>
    <property name="java.vm.specification.version" value="1.8"/>
    <property name="os.name" value="Windows 10"/>
    <property name="user.country" value="US"/>
    <property name="sun.java.launcher" value="SUN_STANDARD"/>
    <property name="sun.boot.library.path" value="C:\Program Files\Java\jdk1.8.0_251\jre\bin"/>
    <property name="sun.java.command" value="C:\Users\justi\AppData\Local\Temp\surefire1218980351384264743\surefirebooter7939781971532730663.jar C:\Users\justi\AppData\Local\Temp\surefire1218980351384264743 2021-10-09T16-28-40_273-jvmRun1 surefire3210163616221761185tmp surefire_24139561564154176480tmp"/>
    <property name="surefire.test.class.path" value="C:\Users\justi\IdeaProjects\AccountSystem\AccountSystemWebSpringBoot\target\test-classes;C:\Users\justi\IdeaProjects\AccountSystem\AccountSystemWebSpringBoot\target\classes;C:\Users\justi\IdeaProjects\AccountSystem\AccountSystemDomain\target\AccountSystemDomain-1.0-SNAPSHOT.jar;C:\Users\justi\IdeaProjects\repo\com\fasterxml\jackson\core\jackson-annotations\2.9.0\jackson-annotations-2.9.0.jar;C:\Users\justi\IdeaProjects\AccountSystem\AccountSystemLogic\target\AccountSystemLogic-1.0-SNAPSHOT.jar;C:\Users\justi\IdeaProjects\AccountSystem\AccountSystemTranslator\target\AccountSystemTranslator-1.0-SNAPSHOT.jar;C:\Users\justi\IdeaProjects\AccountSystem\AccountSystemRepository\target\AccountSystemRepository-1.0-SNAPSHOT.jar;C:\Users\justi\IdeaProjects\repo\org\springframework\boot\spring-boot-starter-data-jpa\2.5.4\spring-boot-starter-data-jpa-2.5.4.jar;C:\Users\justi\IdeaProjects\repo\org\springframework\boot\spring-boot-starter-aop\2.1.6.RELEASE\spring-boot-starter-aop-2.1.6.RELEASE.jar;C:\Users\justi\IdeaProjects\repo\org\aspectj\aspectjweaver\1.9.4\aspectjweaver-1.9.4.jar;C:\Users\justi\IdeaProjects\repo\org\springframework\boot\spring-boot-starter-jdbc\2.1.6.RELEASE\spring-boot-starter-jdbc-2.1.6.RELEASE.jar;C:\Users\justi\IdeaProjects\repo\com\zaxxer\HikariCP\3.2.0\HikariCP-3.2.0.jar;C:\Users\justi\IdeaProjects\repo\org\springframework\spring-jdbc\5.1.8.RELEASE\spring-jdbc-5.1.8.RELEASE.jar;C:\Users\justi\IdeaProjects\repo\jakarta\transaction\jakarta.transaction-api\1.3.3\jakarta.transaction-api-1.3.3.jar;C:\Users\justi\IdeaProjects\repo\jakarta\persistence\jakarta.persistence-api\2.2.3\jakarta.persistence-api-2.2.3.jar;C:\Users\justi\IdeaProjects\repo\org\hibernate\hibernate-core\5.3.10.Final\hibernate-core-5.3.10.Final.jar;C:\Users\justi\IdeaProjects\repo\org\javassist\javassist\3.23.2-GA\javassist-3.23.2-GA.jar;C:\Users\justi\IdeaProjects\repo\antlr\antlr\2.7.7\antlr-2.7.7.jar;C:\Users\justi\IdeaProjects\repo\org\jboss\jandex\2.0.5.Final\jandex-2.0.5.Final.jar;C:\Users\justi\IdeaProjects\repo\org\dom4j\dom4j\2.1.1\dom4j-2.1.1.jar;C:\Users\justi\IdeaProjects\repo\org\hibernate\common\hibernate-commons-annotations\5.0.4.Final\hibernate-commons-annotations-5.0.4.Final.jar;C:\Users\justi\IdeaProjects\repo\org\springframework\data\spring-data-jpa\2.1.9.RELEASE\spring-data-jpa-2.1.9.RELEASE.jar;C:\Users\justi\IdeaProjects\repo\org\springframework\data\spring-data-commons\2.1.9.RELEASE\spring-data-commons-2.1.9.RELEASE.jar;C:\Users\justi\IdeaProjects\repo\org\springframework\spring-orm\5.1.8.RELEASE\spring-orm-5.1.8.RELEASE.jar;C:\Users\justi\IdeaProjects\repo\org\springframework\spring-tx\5.1.8.RELEASE\spring-tx-5.1.8.RELEASE.jar;C:\Users\justi\IdeaProjects\repo\org\springframework\spring-aspects\5.1.8.RELEASE\spring-aspects-5.1.8.RELEASE.jar;C:\Users\justi\IdeaProjects\repo\com\oracle\ojdbc\ojdbc8\19.3.0.0\ojdbc8-19.3.0.0.jar;C:\Users\justi\IdeaProjects\repo\com\oracle\ojdbc\ucp\19.3.0.0\ucp-19.3.0.0.jar;C:\Users\justi\IdeaProjects\repo\com\oracle\ojdbc\oraclepki\19.3.0.0\oraclepki-19.3.0.0.jar;C:\Users\justi\IdeaProjects\repo\com\oracle\ojdbc\osdt_cert\19.3.0.0\osdt_cert-19.3.0.0.jar;C:\Users\justi\IdeaProjects\repo\com\oracle\ojdbc\osdt_core\19.3.0.0\osdt_core-19.3.0.0.jar;C:\Users\justi\IdeaProjects\repo\com\oracle\ojdbc\simplefan\19.3.0.0\simplefan-19.3.0.0.jar;C:\Users\justi\IdeaProjects\repo\com\oracle\ojdbc\ons\19.3.0.0\ons-19.3.0.0.jar;C:\Users\justi\IdeaProjects\repo\org\testng\testng\7.4.0\testng-7.4.0.jar;C:\Users\justi\IdeaProjects\repo\com\beust\jcommander\1.78\jcommander-1.78.jar;C:\Users\justi\IdeaProjects\repo\org\webjars\jquery\3.5.1\jquery-3.5.1.jar;C:\Users\justi\IdeaProjects\repo\org\junit\jupiter\junit-jupiter-api\5.8.1\junit-jupiter-api-5.8.1.jar;C:\Users\justi\IdeaProjects\repo\org\opentest4j\opentest4j\1.2.0\opentest4j-1.2.0.jar;C:\Users\justi\IdeaProjects\repo\org\junit\platform\junit-platform-commons\1.3.2\junit-platform-commons-1.3.2.jar;C:\Users\justi\IdeaProjects\repo\org\apiguardian\apiguardian-api\1.1.2\apiguardian-api-1.1.2.jar;C:\Users\justi\IdeaProjects\repo\org\springframework\boot\spring-boot-starter-web\2.3.3.RELEASE\spring-boot-starter-web-2.3.3.RELEASE.jar;C:\Users\justi\IdeaProjects\repo\org\springframework\boot\spring-boot-starter\2.1.6.RELEASE\spring-boot-starter-2.1.6.RELEASE.jar;C:\Users\justi\IdeaProjects\repo\org\springframework\boot\spring-boot\2.1.6.RELEASE\spring-boot-2.1.6.RELEASE.jar;C:\Users\justi\IdeaProjects\repo\org\springframework\boot\spring-boot-autoconfigure\2.1.6.RELEASE\spring-boot-autoconfigure-2.1.6.RELEASE.jar;C:\Users\justi\IdeaProjects\repo\org\springframework\boot\spring-boot-starter-logging\2.1.6.RELEASE\spring-boot-starter-logging-2.1.6.RELEASE.jar;C:\Users\justi\IdeaProjects\repo\ch\qos\logback\logback-classic\1.2.3\logback-classic-1.2.3.jar;C:\Users\justi\IdeaProjects\repo\ch\qos\logback\logback-core\1.2.3\logback-core-1.2.3.jar;C:\Users\justi\IdeaProjects\repo\org\apache\logging\log4j\log4j-to-slf4j\2.11.2\log4j-to-slf4j-2.11.2.jar;C:\Users\justi\IdeaProjects\repo\org\apache\logging\log4j\log4j-api\2.11.2\log4j-api-2.11.2.jar;C:\Users\justi\IdeaProjects\repo\org\slf4j\jul-to-slf4j\1.7.26\jul-to-slf4j-1.7.26.jar;C:\Users\justi\IdeaProjects\repo\javax\annotation\javax.annotation-api\1.3.2\javax.annotation-api-1.3.2.jar;C:\Users\justi\IdeaProjects\repo\org\yaml\snakeyaml\1.23\snakeyaml-1.23.jar;C:\Users\justi\IdeaProjects\repo\org\springframework\boot\spring-boot-starter-json\2.1.6.RELEASE\spring-boot-starter-json-2.1.6.RELEASE.jar;C:\Users\justi\IdeaProjects\repo\com\fasterxml\jackson\core\jackson-databind\2.9.9\jackson-databind-2.9.9.jar;C:\Users\justi\IdeaProjects\repo\com\fasterxml\jackson\core\jackson-core\2.9.9\jackson-core-2.9.9.jar;C:\Users\justi\IdeaProjects\repo\com\fasterxml\jackson\datatype\jackson-datatype-jdk8\2.9.9\jackson-datatype-jdk8-2.9.9.jar;C:\Users\justi\IdeaProjects\repo\com\fasterxml\jackson\datatype\jackson-datatype-jsr310\2.9.9\jackson-datatype-jsr310-2.9.9.jar;C:\Users\justi\IdeaProjects\repo\com\fasterxml\jackson\module\jackson-module-parameter-names\2.9.9\jackson-module-parameter-names-2.9.9.jar;C:\Users\justi\IdeaProjects\repo\org\springframework\boot\spring-boot-starter-tomcat\2.1.6.RELEASE\spring-boot-starter-tomcat-2.1.6.RELEASE.jar;C:\Users\justi\IdeaProjects\repo\org\apache\tomcat\embed\tomcat-embed-core\9.0.21\tomcat-embed-core-9.0.21.jar;C:\Users\justi\IdeaProjects\repo\org\apache\tomcat\embed\tomcat-embed-el\9.0.21\tomcat-embed-el-9.0.21.jar;C:\Users\justi\IdeaProjects\repo\org\apache\tomcat\embed\tomcat-embed-websocket\9.0.21\tomcat-embed-websocket-9.0.21.jar;C:\Users\justi\IdeaProjects\repo\org\springframework\spring-web\5.1.8.RELEASE\spring-web-5.1.8.RELEASE.jar;C:\Users\justi\IdeaProjects\repo\org\springframework\spring-beans\5.1.8.RELEASE\spring-beans-5.1.8.RELEASE.jar;C:\Users\justi\IdeaProjects\repo\org\springframework\spring-webmvc\5.1.8.RELEASE\spring-webmvc-5.1.8.RELEASE.jar;C:\Users\justi\IdeaProjects\repo\org\springframework\spring-aop\5.1.8.RELEASE\spring-aop-5.1.8.RELEASE.jar;C:\Users\justi\IdeaProjects\repo\org\springframework\spring-context\5.1.8.RELEASE\spring-context-5.1.8.RELEASE.jar;C:\Users\justi\IdeaProjects\repo\org\springframework\spring-expression\5.1.8.RELEASE\spring-expression-5.1.8.RELEASE.jar;C:\Users\justi\IdeaProjects\repo\io\springfox\springfox-swagger2\2.9.2\springfox-swagger2-2.9.2.jar;C:\Users\justi\IdeaProjects\repo\io\swagger\swagger-models\1.5.20\swagger-models-1.5.20.jar;C:\Users\justi\IdeaProjects\repo\io\springfox\springfox-spi\2.9.2\springfox-spi-2.9.2.jar;C:\Users\justi\IdeaProjects\repo\io\springfox\springfox-core\2.9.2\springfox-core-2.9.2.jar;C:\Users\justi\IdeaProjects\repo\io\springfox\springfox-schema\2.9.2\springfox-schema-2.9.2.jar;C:\Users\justi\IdeaProjects\repo\io\springfox\springfox-swagger-common\2.9.2\springfox-swagger-common-2.9.2.jar;C:\Users\justi\IdeaProjects\repo\io\springfox\springfox-spring-web\2.9.2\springfox-spring-web-2.9.2.jar;C:\Users\justi\IdeaProjects\repo\com\google\guava\guava\20.0\guava-20.0.jar;C:\Users\justi\IdeaProjects\repo\com\fasterxml\classmate\1.4.0\classmate-1.4.0.jar;C:\Users\justi\IdeaProjects\repo\org\springframework\plugin\spring-plugin-core\1.2.0.RELEASE\spring-plugin-core-1.2.0.RELEASE.jar;C:\Users\justi\IdeaProjects\repo\org\springframework\plugin\spring-plugin-metadata\1.2.0.RELEASE\spring-plugin-metadata-1.2.0.RELEASE.jar;C:\Users\justi\IdeaProjects\repo\org\mapstruct\mapstruct\1.2.0.Final\mapstruct-1.2.0.Final.jar;C:\Users\justi\IdeaProjects\repo\io\swagger\swagger-annotations\1.5.20\swagger-annotations-1.5.20.jar;C:\Users\justi\IdeaProjects\repo\io\springfox\springfox-swagger-ui\2.9.2\springfox-swagger-ui-2.9.2.jar;C:\Users\justi\IdeaProjects\repo\io\springfox\springfox-bean-validators\2.9.2\springfox-bean-validators-2.9.2.jar;C:\Users\justi\IdeaProjects\repo\org\mockito\mockito-core\2.23.4\mockito-core-2.23.4.jar;C:\Users\justi\IdeaProjects\repo\net\bytebuddy\byte-buddy\1.9.13\byte-buddy-1.9.13.jar;C:\Users\justi\IdeaProjects\repo\net\bytebuddy\byte-buddy-agent\1.9.13\byte-buddy-agent-1.9.13.jar;C:\Users\justi\IdeaProjects\repo\org\objenesis\objenesis\2.6\objenesis-2.6.jar;C:\Users\justi\IdeaProjects\repo\junit\junit\4.12\junit-4.12.jar;C:\Users\justi\IdeaProjects\repo\org\hamcrest\hamcrest-core\1.3\hamcrest-core-1.3.jar;C:\Users\justi\IdeaProjects\repo\org\springframework\spring-test\5.1.8.RELEASE\spring-test-5.1.8.RELEASE.jar;C:\Users\justi\IdeaProjects\repo\org\springframework\spring-core\5.1.8.RELEASE\spring-core-5.1.8.RELEASE.jar;C:\Users\justi\IdeaProjects\repo\org\springframework\spring-jcl\5.1.8.RELEASE\spring-jcl-5.1.8.RELEASE.jar;C:\Users\justi\IdeaProjects\repo\org\junit\jupiter\junit-jupiter\5.8.1\junit-jupiter-5.8.1.jar;C:\Users\justi\IdeaProjects\repo\org\junit\jupiter\junit-jupiter-params\5.3.2\junit-jupiter-params-5.3.2.jar;C:\Users\justi\IdeaProjects\repo\org\junit\jupiter\junit-jupiter-engine\5.3.2\junit-jupiter-engine-5.3.2.jar;C:\Users\justi\IdeaProjects\repo\org\junit\platform\junit-platform-engine\1.3.2\junit-platform-engine-1.3.2.jar;C:\Users\justi\IdeaProjects\repo\org\mockito\mockito-inline\2.23.4\mockito-inline-2.23.4.jar;C:\Users\justi\IdeaProjects\repo\org\mockito\mockito-junit-jupiter\2.23.4\mockito-junit-jupiter-2.23.4.jar;C:\Users\justi\IdeaProjects\repo\org\hibernate\validator\hibernate-validator\6.0.17.Final\hibernate-validator-6.0.17.Final.jar;C:\Users\justi\IdeaProjects\repo\javax\validation\validation-api\2.0.1.Final\validation-api-2.0.1.Final.jar;C:\Users\justi\IdeaProjects\repo\org\jboss\logging\jboss-logging\3.3.2.Final\jboss-logging-3.3.2.Final.jar;C:\Users\justi\IdeaProjects\repo\org\springframework\boot\spring-boot-starter-test\2.1.6.RELEASE\spring-boot-starter-test-2.1.6.RELEASE.jar;C:\Users\justi\IdeaProjects\repo\org\springframework\boot\spring-boot-test\2.1.6.RELEASE\spring-boot-test-2.1.6.RELEASE.jar;C:\Users\justi\IdeaProjects\repo\org\springframework\boot\spring-boot-test-autoconfigure\2.1.6.RELEASE\spring-boot-test-autoconfigure-2.1.6.RELEASE.jar;C:\Users\justi\IdeaProjects\repo\com\jayway\jsonpath\json-path\2.4.0\json-path-2.4.0.jar;C:\Users\justi\IdeaProjects\repo\net\minidev\json-smart\2.3\json-smart-2.3.jar;C:\Users\justi\IdeaProjects\repo\net\minidev\accessors-smart\1.2\accessors-smart-1.2.jar;C:\Users\justi\IdeaProjects\repo\org\ow2\asm\asm\5.0.4\asm-5.0.4.jar;C:\Users\justi\IdeaProjects\repo\org\slf4j\slf4j-api\1.7.26\slf4j-api-1.7.26.jar;C:\Users\justi\IdeaProjects\repo\org\assertj\assertj-core\3.11.1\assertj-core-3.11.1.jar;C:\Users\justi\IdeaProjects\repo\org\hamcrest\hamcrest-library\1.3\hamcrest-library-1.3.jar;C:\Users\justi\IdeaProjects\repo\org\skyscreamer\jsonassert\1.5.0\jsonassert-1.5.0.jar;C:\Users\justi\IdeaProjects\repo\com\vaadin\external\google\android-json\0.0.20131108.vaadin1\android-json-0.0.20131108.vaadin1.jar;C:\Users\justi\IdeaProjects\repo\org\xmlunit\xmlunit-core\2.6.2\xmlunit-core-2.6.2.jar;"/>
    <property name="sun.cpu.endian" value="little"/>
    <property name="user.home" value="C:\Users\justi"/>
    <property name="user.language" value="en"/>
    <property name="java.specification.vendor" value="Oracle Corporation"/>
    <property name="java.home" value="C:\Program Files\Java\jdk1.8.0_251\jre"/>
    <property name="basedir" value="C:\Users\justi\IdeaProjects\AccountSystem\AccountSystemWebSpringBoot"/>
    <property name="file.separator" value="\"/>
    <property name="line.separator" value="&#10;"/>
    <property name="java.vm.specification.vendor" value="Oracle Corporation"/>
    <property name="java.specification.name" value="Java Platform API Specification"/>
    <property name="java.awt.graphicsenv" value="sun.awt.Win32GraphicsEnvironment"/>
    <property name="surefire.real.class.path" value="C:\Users\justi\AppData\Local\Temp\surefire1218980351384264743\surefirebooter7939781971532730663.jar"/>
    <property name="sun.boot.class.path" value="C:\Program Files\Java\jdk1.8.0_251\jre\lib\resources.jar;C:\Program Files\Java\jdk1.8.0_251\jre\lib\rt.jar;C:\Program Files\Java\jdk1.8.0_251\jre\lib\sunrsasign.jar;C:\Program Files\Java\jdk1.8.0_251\jre\lib\jsse.jar;C:\Program Files\Java\jdk1.8.0_251\jre\lib\jce.jar;C:\Program Files\Java\jdk1.8.0_251\jre\lib\charsets.jar;C:\Program Files\Java\jdk1.8.0_251\jre\lib\jfr.jar;C:\Program Files\Java\jdk1.8.0_251\jre\classes"/>
    <property name="user.script" value=""/>
    <property name="sun.management.compiler" value="HotSpot 64-Bit Tiered Compilers"/>
    <property name="java.runtime.version" value="1.8.0_251-b08"/>
    <property name="user.name" value="justi"/>
    <property name="path.separator" value=";"/>
    <property name="os.version" value="10.0"/>
    <property name="java.endorsed.dirs" value="C:\Program Files\Java\jdk1.8.0_251\jre\lib\endorsed"/>
    <property name="java.runtime.name" value="Java(TM) SE Runtime Environment"/>
    <property name="file.encoding" value="Cp1252"/>
    <property name="java.vm.name" value="Java HotSpot(TM) 64-Bit Server VM"/>
    <property name="localRepository" value="C:\Users\justi\IdeaProjects\repo"/>
    <property name="java.vendor.url.bug" value="http://bugreport.sun.com/bugreport/"/>
    <property name="java.io.tmpdir" value="C:\Users\justi\AppData\Local\Temp\"/>
    <property name="idea.version" value="2021.2"/>
    <property name="java.version" value="1.8.0_251"/>
    <property name="user.dir" value="C:\Users\justi\IdeaProjects\AccountSystem\AccountSystemWebSpringBoot"/>
    <property name="os.arch" value="amd64"/>
    <property name="java.vm.specification.name" value="Java Virtual Machine Specification"/>
    <property name="java.awt.printerjob" value="sun.awt.windows.WPrinterJob"/>
    <property name="sun.os.patch.level" value=""/>
    <property name="java.library.path" value="C:\Program Files\Java\jdk1.8.0_251\jre\bin;C:\WINDOWS\Sun\Java\bin;C:\WINDOWS\system32;C:\WINDOWS;C:\oraclexe\app\oracle\product\11.2.0\server\bin;C:\Program Files (x86)\Common Files\Oracle\Java\javapath;C:\Program Files (x86)\NVIDIA Corporation\PhysX\Common;C:\WINDOWS\system32;C:\WINDOWS;C:\WINDOWS\System32\Wbem;C:\WINDOWS\System32\WindowsPowerShell\v1.0\;C:\WINDOWS\System32\OpenSSH\;C:\Program Files\Microsoft SQL Server\130\Tools\Binn\;C:\Program Files\dotnet\;D:\Programs\Git\cmd;C:\Users\justi\AppData\Local\Microsoft\WindowsApps;C:\Program Files\Java\jdk1.8.0_251\bin;C:\Program Files\apache-maven-3.8.1-bin\apache-maven-3.8.1\bin;C:\Users\justi\AppData\Local\atom\bin;D:\Programs\Microsoft VS Code\bin;;."/>
    <property name="java.vm.info" value="mixed mode"/>
    <property name="java.vendor" value="Oracle Corporation"/>
    <property name="java.vm.version" value="25.251-b08"/>
    <property name="java.ext.dirs" value="C:\Program Files\Java\jdk1.8.0_251\jre\lib\ext;C:\WINDOWS\Sun\Java\lib\ext"/>
    <property name="sun.io.unicode.encoding" value="UnicodeLittle"/>
    <property name="java.class.version" value="52.0"/>
  </properties>
  <testcase name="create on create(za.ac.nwu.ac.web.sb.controller.AccountTypeControllerTest)" classname="za.ac.nwu.ac.web.sb.controller.AccountTypeControllerTest" time="1.578"/>
  <testcase name="getAll on getAll(za.ac.nwu.ac.web.sb.controller.AccountTypeControllerTest)" classname="za.ac.nwu.ac.web.sb.controller.AccountTypeControllerTest" time="0.034"/>
  <testcase name="updateAccountTypeObitMandatory on updateAccountTypeObitMandatory(za.ac.nwu.ac.web.sb.controller.AccountTypeControllerTest)" classname="za.ac.nwu.ac.web.sb.controller.AccountTypeControllerTest" time="0.046"/>
  <testcase name="updateAccountType on updateAccountType(za.ac.nwu.ac.web.sb.controller.AccountTypeControllerTest)" classname="za.ac.nwu.ac.web.sb.controller.AccountTypeControllerTest" time="0.06">
    <failure message="Status expected:&lt;200&gt; but was:&lt;400&gt;" type="java.lang.AssertionError"><![CDATA[java.lang.AssertionError: Status expected:<200> but was:<400>
	at za.ac.nwu.ac.web.sb.controller.AccountTypeControllerTest.updateAccountType(AccountTypeControllerTest.java:137)
]]></failure>
    <system-out><![CDATA[16:28:52.331 [main] DEBUG org.springframework.web.servlet.mvc.method.annotation.RequestMappingHandlerMapping - 4 mappings in <unknown>
16:28:52.337 [main] DEBUG org.hibernate.validator.internal.engine.resolver.TraversableResolvers - Found javax.persistence.Persistence on classpath containing 'getPersistenceUtil'. Assuming JPA 2 environment. Trying to instantiate JPA aware TraversableResolver
16:28:52.337 [main] DEBUG org.hibernate.validator.internal.engine.resolver.TraversableResolvers - Instantiated JPA aware TraversableResolver of type org.hibernate.validator.internal.engine.resolver.JPATraversableResolver.
16:28:52.337 [main] DEBUG org.hibernate.validator.messageinterpolation.ResourceBundleMessageInterpolator - Loaded expression factory via original TCCL
16:28:52.337 [main] DEBUG org.hibernate.validator.internal.engine.ConfigurationImpl - Setting custom MessageInterpolator of type org.springframework.validation.beanvalidation.LocaleContextMessageInterpolator
16:28:52.337 [main] DEBUG org.hibernate.validator.internal.engine.ConfigurationImpl - Setting custom ParameterNameProvider of type org.springframework.validation.beanvalidation.LocalValidatorFactoryBean$1
16:28:52.338 [main] DEBUG org.hibernate.validator.internal.xml.config.ValidationXmlParser - Trying to load META-INF/validation.xml for XML based Validator configuration.
16:28:52.338 [main] DEBUG org.hibernate.validator.internal.xml.config.ResourceLoaderHelper - Trying to load META-INF/validation.xml via TCCL
16:28:52.338 [main] DEBUG org.hibernate.validator.internal.xml.config.ResourceLoaderHelper - Trying to load META-INF/validation.xml via Hibernate Validator's class loader
16:28:52.339 [main] DEBUG org.hibernate.validator.internal.xml.config.ValidationXmlParser - No META-INF/validation.xml found. Using annotation based configuration only.
16:28:52.347 [main] DEBUG org.hibernate.validator.internal.engine.ValidatorFactoryImpl - HV000234: Using org.springframework.validation.beanvalidation.LocaleContextMessageInterpolator as ValidatorFactory-scoped message interpolator.
16:28:52.347 [main] DEBUG org.hibernate.validator.internal.engine.ValidatorFactoryImpl - HV000234: Using org.hibernate.validator.internal.engine.resolver.JPATraversableResolver as ValidatorFactory-scoped traversable resolver.
16:28:52.347 [main] DEBUG org.hibernate.validator.internal.engine.ValidatorFactoryImpl - HV000234: Using org.hibernate.validator.internal.util.ExecutableParameterNameProvider as ValidatorFactory-scoped parameter name provider.
16:28:52.347 [main] DEBUG org.hibernate.validator.internal.engine.ValidatorFactoryImpl - HV000234: Using org.hibernate.validator.internal.engine.DefaultClockProvider as ValidatorFactory-scoped clock provider.
16:28:52.347 [main] DEBUG org.hibernate.validator.internal.engine.ValidatorFactoryImpl - HV000234: Using org.hibernate.validator.internal.engine.scripting.DefaultScriptEvaluatorFactory as ValidatorFactory-scoped script evaluator factory.
16:28:52.349 [main] DEBUG org.springframework.web.servlet.mvc.method.annotation.RequestMappingHandlerAdapter - ControllerAdvice beans: 0 @ModelAttribute, 0 @InitBinder, 1 RequestBodyAdvice, 1 ResponseBodyAdvice
16:28:52.353 [main] DEBUG org.springframework.web.servlet.mvc.method.annotation.ExceptionHandlerExceptionResolver - ControllerAdvice beans: 0 @ExceptionHandler, 1 ResponseBodyAdvice
16:28:52.353 [main] INFO org.springframework.mock.web.MockServletContext - Initializing Spring TestDispatcherServlet ''
16:28:52.353 [main] INFO org.springframework.test.web.servlet.TestDispatcherServlet - Initializing Servlet ''
16:28:52.353 [main] DEBUG org.springframework.test.web.servlet.TestDispatcherServlet - Detected AcceptHeaderLocaleResolver
16:28:52.353 [main] DEBUG org.springframework.test.web.servlet.TestDispatcherServlet - Detected FixedThemeResolver
16:28:52.353 [main] DEBUG org.springframework.test.web.servlet.TestDispatcherServlet - Detected org.springframework.web.servlet.view.DefaultRequestToViewNameTranslator@4ad3d266
16:28:52.353 [main] DEBUG org.springframework.test.web.servlet.TestDispatcherServlet - Detected org.springframework.web.servlet.support.SessionFlashMapManager@3533df16
16:28:52.353 [main] DEBUG org.springframework.test.web.servlet.TestDispatcherServlet - enableLoggingRequestDetails='false': request parameters and headers will be masked to prevent unsafe logging of potentially sensitive data
16:28:52.353 [main] INFO org.springframework.test.web.servlet.TestDispatcherServlet - Completed initialization in 0 ms
16:28:52.354 [main] DEBUG org.springframework.test.web.servlet.TestDispatcherServlet - PUT "/account-system/mvc/account-type/PLAY", parameters={masked}
16:28:52.355 [main] DEBUG org.springframework.web.servlet.mvc.method.annotation.RequestMappingHandlerMapping - Mapped to public org.springframework.http.ResponseEntity<za.ac.nwu.ac.domain.service.GeneralResponse<za.ac.nwu.ac.domain.dto.AccountTypeDto>> za.ac.nwu.ac.web.sb.controller.AccountTypeController.updateAccountType(java.lang.String,java.lang.String,java.time.LocalDate)
16:28:52.372 [main] DEBUG org.springframework.web.servlet.mvc.method.annotation.ServletInvocableHandlerMethod - Could not resolve parameter [2] in public org.springframework.http.ResponseEntity<za.ac.nwu.ac.domain.service.GeneralResponse<za.ac.nwu.ac.domain.dto.AccountTypeDto>> za.ac.nwu.ac.web.sb.controller.AccountTypeController.updateAccountType(java.lang.String,java.lang.String,java.time.LocalDate): Failed to convert value of type 'java.lang.String' to required type 'java.time.LocalDate'; nested exception is org.springframework.core.convert.ConversionFailedException: Failed to convert from type [java.lang.String] to type [@io.swagger.annotations.ApiParam @org.springframework.web.bind.annotation.RequestParam java.time.LocalDate] for value '2021-04-01'; nested exception is java.lang.IllegalArgumentException: Parse attempt failed for value [2021-04-01]
16:28:52.373 [main] WARN org.springframework.web.servlet.mvc.support.DefaultHandlerExceptionResolver - Resolved [org.springframework.web.method.annotation.MethodArgumentTypeMismatchException: Failed to convert value of type 'java.lang.String' to required type 'java.time.LocalDate'; nested exception is org.springframework.core.convert.ConversionFailedException: Failed to convert from type [java.lang.String] to type [@io.swagger.annotations.ApiParam @org.springframework.web.bind.annotation.RequestParam java.time.LocalDate] for value '2021-04-01'; nested exception is java.lang.IllegalArgumentException: Parse attempt failed for value [2021-04-01]]
16:28:52.373 [main] DEBUG org.springframework.test.web.servlet.TestDispatcherServlet - Completed 400 BAD_REQUEST
]]></system-out>
  </testcase>
  <testcase name="updateAccountTypeWithNoOptionalDate on updateAccountTypeWithNoOptionalDate(za.ac.nwu.ac.web.sb.controller.AccountTypeControllerTest)" classname="za.ac.nwu.ac.web.sb.controller.AccountTypeControllerTest" time="0.052">
    <failure message="Status expected:&lt;200&gt; but was:&lt;201&gt;" type="java.lang.AssertionError"><![CDATA[java.lang.AssertionError: Status expected:<200> but was:<201>
	at za.ac.nwu.ac.web.sb.controller.AccountTypeControllerTest.updateAccountTypeWithNoOptionalDate(AccountTypeControllerTest.java:158)
]]></failure>
    <system-out><![CDATA[16:28:52.391 [main] DEBUG org.springframework.web.servlet.mvc.method.annotation.RequestMappingHandlerMapping - 4 mappings in <unknown>
16:28:52.402 [main] DEBUG org.hibernate.validator.internal.engine.resolver.TraversableResolvers - Found javax.persistence.Persistence on classpath containing 'getPersistenceUtil'. Assuming JPA 2 environment. Trying to instantiate JPA aware TraversableResolver
16:28:52.402 [main] DEBUG org.hibernate.validator.internal.engine.resolver.TraversableResolvers - Instantiated JPA aware TraversableResolver of type org.hibernate.validator.internal.engine.resolver.JPATraversableResolver.
16:28:52.402 [main] DEBUG org.hibernate.validator.messageinterpolation.ResourceBundleMessageInterpolator - Loaded expression factory via original TCCL
16:28:52.403 [main] DEBUG org.hibernate.validator.internal.engine.ConfigurationImpl - Setting custom MessageInterpolator of type org.springframework.validation.beanvalidation.LocaleContextMessageInterpolator
16:28:52.403 [main] DEBUG org.hibernate.validator.internal.engine.ConfigurationImpl - Setting custom ParameterNameProvider of type org.springframework.validation.beanvalidation.LocalValidatorFactoryBean$1
16:28:52.404 [main] DEBUG org.hibernate.validator.internal.xml.config.ValidationXmlParser - Trying to load META-INF/validation.xml for XML based Validator configuration.
16:28:52.404 [main] DEBUG org.hibernate.validator.internal.xml.config.ResourceLoaderHelper - Trying to load META-INF/validation.xml via TCCL
16:28:52.405 [main] DEBUG org.hibernate.validator.internal.xml.config.ResourceLoaderHelper - Trying to load META-INF/validation.xml via Hibernate Validator's class loader
16:28:52.406 [main] DEBUG org.hibernate.validator.internal.xml.config.ValidationXmlParser - No META-INF/validation.xml found. Using annotation based configuration only.
16:28:52.416 [main] DEBUG org.hibernate.validator.internal.engine.ValidatorFactoryImpl - HV000234: Using org.springframework.validation.beanvalidation.LocaleContextMessageInterpolator as ValidatorFactory-scoped message interpolator.
16:28:52.416 [main] DEBUG org.hibernate.validator.internal.engine.ValidatorFactoryImpl - HV000234: Using org.hibernate.validator.internal.engine.resolver.JPATraversableResolver as ValidatorFactory-scoped traversable resolver.
16:28:52.416 [main] DEBUG org.hibernate.validator.internal.engine.ValidatorFactoryImpl - HV000234: Using org.hibernate.validator.internal.util.ExecutableParameterNameProvider as ValidatorFactory-scoped parameter name provider.
16:28:52.416 [main] DEBUG org.hibernate.validator.internal.engine.ValidatorFactoryImpl - HV000234: Using org.hibernate.validator.internal.engine.DefaultClockProvider as ValidatorFactory-scoped clock provider.
16:28:52.416 [main] DEBUG org.hibernate.validator.internal.engine.ValidatorFactoryImpl - HV000234: Using org.hibernate.validator.internal.engine.scripting.DefaultScriptEvaluatorFactory as ValidatorFactory-scoped script evaluator factory.
16:28:52.417 [main] DEBUG org.springframework.web.servlet.mvc.method.annotation.RequestMappingHandlerAdapter - ControllerAdvice beans: 0 @ModelAttribute, 0 @InitBinder, 1 RequestBodyAdvice, 1 ResponseBodyAdvice
16:28:52.423 [main] DEBUG org.springframework.web.servlet.mvc.method.annotation.ExceptionHandlerExceptionResolver - ControllerAdvice beans: 0 @ExceptionHandler, 1 ResponseBodyAdvice
16:28:52.424 [main] INFO org.springframework.mock.web.MockServletContext - Initializing Spring TestDispatcherServlet ''
16:28:52.424 [main] INFO org.springframework.test.web.servlet.TestDispatcherServlet - Initializing Servlet ''
16:28:52.424 [main] DEBUG org.springframework.test.web.servlet.TestDispatcherServlet - Detected AcceptHeaderLocaleResolver
16:28:52.424 [main] DEBUG org.springframework.test.web.servlet.TestDispatcherServlet - Detected FixedThemeResolver
16:28:52.424 [main] DEBUG org.springframework.test.web.servlet.TestDispatcherServlet - Detected org.springframework.web.servlet.view.DefaultRequestToViewNameTranslator@32f0c7f8
16:28:52.424 [main] DEBUG org.springframework.test.web.servlet.TestDispatcherServlet - Detected org.springframework.web.servlet.support.SessionFlashMapManager@504e1599
16:28:52.424 [main] DEBUG org.springframework.test.web.servlet.TestDispatcherServlet - enableLoggingRequestDetails='false': request parameters and headers will be masked to prevent unsafe logging of potentially sensitive data
16:28:52.424 [main] INFO org.springframework.test.web.servlet.TestDispatcherServlet - Completed initialization in 0 ms
16:28:52.430 [main] DEBUG org.springframework.test.web.servlet.TestDispatcherServlet - PUT "/account-system/mvc/account-type/PLAY", parameters={masked}
16:28:52.431 [main] DEBUG org.springframework.web.servlet.mvc.method.annotation.RequestMappingHandlerMapping - Mapped to public org.springframework.http.ResponseEntity<za.ac.nwu.ac.domain.service.GeneralResponse<za.ac.nwu.ac.domain.dto.AccountTypeDto>> za.ac.nwu.ac.web.sb.controller.AccountTypeController.updateAccountType(java.lang.String,java.lang.String,java.time.LocalDate)
16:28:52.436 [main] DEBUG org.springframework.web.servlet.mvc.method.annotation.HttpEntityMethodProcessor - Using 'application/json', given [application/json] and supported [application/json, application/*+json]
16:28:52.436 [main] DEBUG org.springframework.web.servlet.mvc.method.annotation.HttpEntityMethodProcessor - Writing [General Response{successful=true, payload=AccountTypeDto{mnemonic='PLAY', accountTypeName='The new P (truncated)...]
16:28:52.438 [main] DEBUG org.springframework.test.web.servlet.TestDispatcherServlet - Completed 201 CREATED
]]></system-out>
  </testcase>
  <testcase name="deleteAccountType on deleteAccountType(za.ac.nwu.ac.web.sb.controller.AccountTypeControllerTest)" classname="za.ac.nwu.ac.web.sb.controller.AccountTypeControllerTest" time="0.04">
    <failure message="Status expected:&lt;200&gt; but was:&lt;405&gt;" type="java.lang.AssertionError"><![CDATA[java.lang.AssertionError: Status expected:<200> but was:<405>
	at za.ac.nwu.ac.web.sb.controller.AccountTypeControllerTest.deleteAccountType(AccountTypeControllerTest.java:115)
]]></failure>
    <system-out><![CDATA[16:28:52.444 [main] DEBUG org.springframework.web.servlet.mvc.method.annotation.RequestMappingHandlerMapping - 4 mappings in <unknown>
16:28:52.454 [main] DEBUG org.hibernate.validator.internal.engine.resolver.TraversableResolvers - Found javax.persistence.Persistence on classpath containing 'getPersistenceUtil'. Assuming JPA 2 environment. Trying to instantiate JPA aware TraversableResolver
16:28:52.454 [main] DEBUG org.hibernate.validator.internal.engine.resolver.TraversableResolvers - Instantiated JPA aware TraversableResolver of type org.hibernate.validator.internal.engine.resolver.JPATraversableResolver.
16:28:52.455 [main] DEBUG org.hibernate.validator.messageinterpolation.ResourceBundleMessageInterpolator - Loaded expression factory via original TCCL
16:28:52.455 [main] DEBUG org.hibernate.validator.internal.engine.ConfigurationImpl - Setting custom MessageInterpolator of type org.springframework.validation.beanvalidation.LocaleContextMessageInterpolator
16:28:52.455 [main] DEBUG org.hibernate.validator.internal.engine.ConfigurationImpl - Setting custom ParameterNameProvider of type org.springframework.validation.beanvalidation.LocalValidatorFactoryBean$1
16:28:52.455 [main] DEBUG org.hibernate.validator.internal.xml.config.ValidationXmlParser - Trying to load META-INF/validation.xml for XML based Validator configuration.
16:28:52.455 [main] DEBUG org.hibernate.validator.internal.xml.config.ResourceLoaderHelper - Trying to load META-INF/validation.xml via TCCL
16:28:52.456 [main] DEBUG org.hibernate.validator.internal.xml.config.ResourceLoaderHelper - Trying to load META-INF/validation.xml via Hibernate Validator's class loader
16:28:52.456 [main] DEBUG org.hibernate.validator.internal.xml.config.ValidationXmlParser - No META-INF/validation.xml found. Using annotation based configuration only.
16:28:52.466 [main] DEBUG org.hibernate.validator.internal.engine.ValidatorFactoryImpl - HV000234: Using org.springframework.validation.beanvalidation.LocaleContextMessageInterpolator as ValidatorFactory-scoped message interpolator.
16:28:52.466 [main] DEBUG org.hibernate.validator.internal.engine.ValidatorFactoryImpl - HV000234: Using org.hibernate.validator.internal.engine.resolver.JPATraversableResolver as ValidatorFactory-scoped traversable resolver.
16:28:52.466 [main] DEBUG org.hibernate.validator.internal.engine.ValidatorFactoryImpl - HV000234: Using org.hibernate.validator.internal.util.ExecutableParameterNameProvider as ValidatorFactory-scoped parameter name provider.
16:28:52.466 [main] DEBUG org.hibernate.validator.internal.engine.ValidatorFactoryImpl - HV000234: Using org.hibernate.validator.internal.engine.DefaultClockProvider as ValidatorFactory-scoped clock provider.
16:28:52.466 [main] DEBUG org.hibernate.validator.internal.engine.ValidatorFactoryImpl - HV000234: Using org.hibernate.validator.internal.engine.scripting.DefaultScriptEvaluatorFactory as ValidatorFactory-scoped script evaluator factory.
16:28:52.467 [main] DEBUG org.springframework.web.servlet.mvc.method.annotation.RequestMappingHandlerAdapter - ControllerAdvice beans: 0 @ModelAttribute, 0 @InitBinder, 1 RequestBodyAdvice, 1 ResponseBodyAdvice
16:28:52.472 [main] DEBUG org.springframework.web.servlet.mvc.method.annotation.ExceptionHandlerExceptionResolver - ControllerAdvice beans: 0 @ExceptionHandler, 1 ResponseBodyAdvice
16:28:52.472 [main] INFO org.springframework.mock.web.MockServletContext - Initializing Spring TestDispatcherServlet ''
16:28:52.472 [main] INFO org.springframework.test.web.servlet.TestDispatcherServlet - Initializing Servlet ''
16:28:52.473 [main] DEBUG org.springframework.test.web.servlet.TestDispatcherServlet - Detected AcceptHeaderLocaleResolver
16:28:52.473 [main] DEBUG org.springframework.test.web.servlet.TestDispatcherServlet - Detected FixedThemeResolver
16:28:52.473 [main] DEBUG org.springframework.test.web.servlet.TestDispatcherServlet - Detected org.springframework.web.servlet.view.DefaultRequestToViewNameTranslator@2b329bbd
16:28:52.473 [main] DEBUG org.springframework.test.web.servlet.TestDispatcherServlet - Detected org.springframework.web.servlet.support.SessionFlashMapManager@34819867
16:28:52.473 [main] DEBUG org.springframework.test.web.servlet.TestDispatcherServlet - enableLoggingRequestDetails='false': request parameters and headers will be masked to prevent unsafe logging of potentially sensitive data
16:28:52.473 [main] INFO org.springframework.test.web.servlet.TestDispatcherServlet - Completed initialization in 1 ms
16:28:52.474 [main] DEBUG org.springframework.test.web.servlet.TestDispatcherServlet - DELETE "/account-system/mvc/account-type/PLAY", parameters={}
16:28:52.478 [main] WARN org.springframework.web.servlet.mvc.support.DefaultHandlerExceptionResolver - Resolved [org.springframework.web.HttpRequestMethodNotSupportedException: Request method 'DELETE' not supported]
16:28:52.478 [main] DEBUG org.springframework.test.web.servlet.TestDispatcherServlet - Completed 405 METHOD_NOT_ALLOWED
]]></system-out>
  </testcase>
</testsuite>