<?xml version="1.0" encoding="UTF-8"?>
<!-- Generated by org.testng.reporters.JUnitReportReporter -->
<testsuite skipped="0" hostname="LAPTOP-2U0TTD3N" name="za.ac.nwu.ac.logic.flow.impl.CreateAccountTypeFlowImplTest" tests="2" failures="0" timestamp="2021-10-10T10:05:45 CAT" time="3.398" errors="0">
  <testcase name="equals" time="1.705" classname="za.ac.nwu.ac.logic.flow.impl.CreateAccountTypeFlowImplTest"/>
  <system-out/>
  <testcase name="create" time="1.693" classname="za.ac.nwu.ac.logic.flow.impl.CreateAccountTypeFlowImplTest"/>
  <system-out/>
</testsuite> <!-- za.ac.nwu.ac.logic.flow.impl.CreateAccountTypeFlowImplTest -->
