<?xml version="1.0" encoding="UTF-8"?>
<!-- Generated by org.testng.reporters.JUnitReportReporter -->
<testsuite skipped="0" hostname="LAPTOP-2U0TTD3N" name="za.ac.nwu.ac.logic.flow.impl.CreateAccountTypeFlowImplTest" tests="2" failures="0" timestamp="2021-10-09T16:28:46 CAT" time="1.958" errors="0">
  <testcase name="create" time="0.977" classname="za.ac.nwu.ac.logic.flow.impl.CreateAccountTypeFlowImplTest"/>
  <system-out/>
  <testcase name="equals" time="0.981" classname="za.ac.nwu.ac.logic.flow.impl.CreateAccountTypeFlowImplTest"/>
  <system-out/>
</testsuite> <!-- za.ac.nwu.ac.logic.flow.impl.CreateAccountTypeFlowImplTest -->
