<?xml version="1.0" encoding="UTF-8"?>
<!-- Generated by org.testng.reporters.JUnitReportReporter -->
<testsuite skipped="0" hostname="LAPTOP-2U0TTD3N" name="za.ac.nwu.ac.logic.flow.impl.CreateAccountTypeFlowImplTest" tests="2" failures="0" timestamp="2021-10-08T12:05:32 CAT" time="3.052" errors="0">
  <testcase name="equals" time="1.530" classname="za.ac.nwu.ac.logic.flow.impl.CreateAccountTypeFlowImplTest"/>
  <system-out/>
  <testcase name="create" time="1.522" classname="za.ac.nwu.ac.logic.flow.impl.CreateAccountTypeFlowImplTest"/>
  <system-out/>
</testsuite> <!-- za.ac.nwu.ac.logic.flow.impl.CreateAccountTypeFlowImplTest -->
