<?xml version="1.0" encoding="UTF-8"?>
<!-- Generated by org.testng.reporters.JUnitReportReporter -->
<testsuite skipped="0" hostname="LAPTOP-2U0TTD3N" name="za.ac.nwu.ac.logic.flow.impl.FetchAccountTypeFlowImplTest" tests="1" failures="0" timestamp="2021-10-08T12:05:32 CAT" time="0.000" errors="0">
  <testcase name="methodToTest" time="0.000" classname="za.ac.nwu.ac.logic.flow.impl.FetchAccountTypeFlowImplTest"/>
  <system-out/>
</testsuite> <!-- za.ac.nwu.ac.logic.flow.impl.FetchAccountTypeFlowImplTest -->
