<?xml version="1.0" encoding="UTF-8"?>
<!-- Generated by org.testng.reporters.JUnitReportReporter -->
<testsuite skipped="0" hostname="LAPTOP-2U0TTD3N" name="za.ac.nwu.ac.logic.flow.impl.ModuloTest" tests="2" failures="0" timestamp="2021-10-09T16:28:46 CAT" time="0.002" errors="0">
  <testcase name="testModBy0" time="0.001" classname="za.ac.nwu.ac.logic.flow.impl.ModuloTest"/>
  <system-out/>
  <testcase name="testMod" time="0.001" classname="za.ac.nwu.ac.logic.flow.impl.ModuloTest"/>
  <system-out/>
</testsuite> <!-- za.ac.nwu.ac.logic.flow.impl.ModuloTest -->
